<?xml version="1.0" encoding="UTF-8"?>
<!-- Generated by org.testng.reporters.JUnitReportReporter -->
<testsuite hostname="DESKTOP-LFB9P6R" failures="0" tests="1" name="com.automation.runners.FirebaseRunner" time="83.333" errors="0" timestamp="2023-11-01T11:42:25 PDT" skipped="0">
  <testcase classname="com.automation.runners.FirebaseRunner" name="runScenario" time="83.333"/>
  <system-out/>
</testsuite> <!-- com.automation.runners.FirebaseRunner -->
